<?xml version="1.0" encoding="UTF-8"?>
<!-- Generated by org.testng.reporters.JUnitXMLReporter -->
<testsuite ignored="0" hostname="DESKTOP-PHOS8RQ" failures="1" tests="1" name="Test(failed)" time="11.781" errors="0" timestamp="2022-05-30T18:36:56 IST">
  <testcase classname="com.SauceDemo.TestClasses.TC06_FilterFunctionality" name="filterFunctionality" time="2.409">
    <failure type="java.lang.AssertionError" message="expected [Name (A to Z)
Name (Z to A)
Price (low to high)
Price (high to low)] but found [Name (Z to A)]">
      <![CDATA[java.lang.AssertionError: expected [Name (A to Z)
Name (Z to A)
Price (low to high)
Price (high to low)] but found [Name (Z to A)]
at com.SauceDemo.TestClasses.TC06_FilterFunctionality.filterFunctionality(TC06_FilterFunctionality.java:30)
at java.base/java.util.ArrayList.forEach(ArrayList.java:1511)
... Removed 33 stack frames]]>
    </failure>
  </testcase> <!-- filterFunctionality -->
</testsuite> <!-- Test(failed) -->
